2020-04-08 09:31:55.839 INFO [main] [com.cts.stepdefinition.SDLoginPage] [the_user_launch_the_chrome_application] [com.cts.stepdefinition.SDLoginPage.the_user_launch_the_chrome_application(SDLoginPage.java:32)] - browser opens
2020-04-08 09:31:57.249 INFO [main] [com.cts.stepdefinition.SDLoginPage] [the_user_open_the_orangehrm_home_page] [com.cts.stepdefinition.SDLoginPage.the_user_open_the_orangehrm_home_page(SDLoginPage.java:41)] - website opens
2020-04-08 09:32:07.362 INFO [main] [com.cts.stepdefinition.SDLoginPage] [the_user_login_using_username_and_password] [com.cts.stepdefinition.SDLoginPage.the_user_login_using_username_and_password(SDLoginPage.java:57)] - login successfully
2020-04-08 09:32:15.752 ERROR [main] [com.cts.stepdefinition.SDLoginPage] [click_on_the_login_button_user_nagivate_to_the_next_pag] [com.cts.stepdefinition.SDLoginPage.click_on_the_login_button_user_nagivate_to_the_next_pag(SDLoginPage.java:66)] - browser is closed
2020-04-08 09:37:56.142 INFO [main] [com.cts.stepdefinition.SDLeavesPage] [tc0103the_user_launch_the_chrome_application] [com.cts.stepdefinition.SDLeavesPage.tc0103the_user_launch_the_chrome_application(SDLeavesPage.java:33)] - browser opens
2020-04-08 09:37:56.968 INFO [main] [com.cts.stepdefinition.SDLeavesPage] [tc0103the_user_open_the_orangehrm_home_page] [com.cts.stepdefinition.SDLeavesPage.tc0103the_user_open_the_orangehrm_home_page(SDLeavesPage.java:39)] - website opens
2020-04-08 09:38:01.077 INFO [main] [com.cts.stepdefinition.SDLeavesPage] [tc0103the_user_login_using_and] [com.cts.stepdefinition.SDLeavesPage.tc0103the_user_login_using_and(SDLeavesPage.java:49)] - login successfully
2020-04-08 09:38:09.484 INFO [main] [com.cts.stepdefinition.SDLeavesPage] [tc0103using_actions_move_to_leave_types_from_leaves_then_move_to_next_page] [com.cts.stepdefinition.SDLeavesPage.tc0103using_actions_move_to_leave_types_from_leaves_then_move_to_next_page(SDLeavesPage.java:61)] - leavepage opens sucessfully
2020-04-08 09:38:13.972 INFO [main] [com.cts.stepdefinition.SDLeavesPage] [tc0103click_on_save_the_user_moves_to_next_page] [com.cts.stepdefinition.SDLeavesPage.tc0103click_on_save_the_user_moves_to_next_page(SDLeavesPage.java:77)] - saved sucessfully
2020-04-08 09:38:14.936 WARN [main] [com.cts.stepdefinition.SDLeavesPage] [tc0103click_on_save_the_user_moves_to_next_page] [com.cts.stepdefinition.SDLeavesPage.tc0103click_on_save_the_user_moves_to_next_page(SDLeavesPage.java:80)] - browser closed
2020-04-08 10:13:50.143 INFO [main] [com.cts.stepdefinition.SDLoginPage] [the_user_launch_the_chrome_application] [com.cts.stepdefinition.SDLoginPage.the_user_launch_the_chrome_application(SDLoginPage.java:30)] - browser opens
2020-04-08 10:13:52.940 INFO [main] [com.cts.stepdefinition.SDLoginPage] [the_user_open_the_orangehrm_home_page] [com.cts.stepdefinition.SDLoginPage.the_user_open_the_orangehrm_home_page(SDLoginPage.java:38)] - website opens
2020-04-08 10:14:00.098 INFO [main] [com.cts.stepdefinition.SDLoginPage] [the_user_login_using_username_and_password] [com.cts.stepdefinition.SDLoginPage.the_user_login_using_username_and_password(SDLoginPage.java:52)] - login successfully
2020-04-08 10:14:08.966 ERROR [main] [com.cts.stepdefinition.SDLoginPage] [click_on_the_login_button_user_nagivate_to_the_next_pag] [com.cts.stepdefinition.SDLoginPage.click_on_the_login_button_user_nagivate_to_the_next_pag(SDLoginPage.java:61)] - browser is closed
2020-04-08 10:14:26.175 INFO [main] [com.cts.stepdefinition.SDAdminjobcatPage] [tc0102the_user_launch_the_chrome_application] [com.cts.stepdefinition.SDAdminjobcatPage.tc0102the_user_launch_the_chrome_application(SDAdminjobcatPage.java:33)] - browser opens
2020-04-08 10:14:26.963 INFO [main] [com.cts.stepdefinition.SDAdminjobcatPage] [tc0102the_user_open_the_orangehrm_home_page] [com.cts.stepdefinition.SDAdminjobcatPage.tc0102the_user_open_the_orangehrm_home_page(SDAdminjobcatPage.java:39)] - website opens
2020-04-08 10:14:27.984 INFO [main] [com.cts.stepdefinition.SDAdminjobcatPage] [tc0102the_user_login_using_and] [com.cts.stepdefinition.SDAdminjobcatPage.tc0102the_user_login_using_and(SDAdminjobcatPage.java:48)] - login successfully
2020-04-08 10:14:42.859 WARN [main] [com.cts.stepdefinition.SDAdminjobcatPage] [tc0102click_on_professionals_check_box] [com.cts.stepdefinition.SDAdminjobcatPage.tc0102click_on_professionals_check_box(SDAdminjobcatPage.java:73)] - browser is closed
2020-04-08 10:14:58.790 INFO [main] [com.cts.stepdefinition.SDLeavesPage] [tc0103the_user_launch_the_chrome_application] [com.cts.stepdefinition.SDLeavesPage.tc0103the_user_launch_the_chrome_application(SDLeavesPage.java:32)] - browser opens
2020-04-08 10:14:59.583 INFO [main] [com.cts.stepdefinition.SDLeavesPage] [tc0103the_user_open_the_orangehrm_home_page] [com.cts.stepdefinition.SDLeavesPage.tc0103the_user_open_the_orangehrm_home_page(SDLeavesPage.java:38)] - website opens
2020-04-08 10:15:00.210 INFO [main] [com.cts.stepdefinition.SDLeavesPage] [tc0103the_user_login_using_and] [com.cts.stepdefinition.SDLeavesPage.tc0103the_user_login_using_and(SDLeavesPage.java:47)] - login successfully
2020-04-08 10:15:08.707 INFO [main] [com.cts.stepdefinition.SDLeavesPage] [tc0103using_actions_move_to_leave_types_from_leaves_then_move_to_next_page] [com.cts.stepdefinition.SDLeavesPage.tc0103using_actions_move_to_leave_types_from_leaves_then_move_to_next_page(SDLeavesPage.java:59)] - leavepage opens sucessfully
2020-04-08 10:15:10.953 INFO [main] [com.cts.stepdefinition.SDLeavesPage] [tc0103click_on_save_the_user_moves_to_next_page] [com.cts.stepdefinition.SDLeavesPage.tc0103click_on_save_the_user_moves_to_next_page(SDLeavesPage.java:75)] - saved sucessfully
2020-04-08 10:15:11.445 WARN [main] [com.cts.stepdefinition.SDLeavesPage] [tc0103click_on_save_the_user_moves_to_next_page] [com.cts.stepdefinition.SDLeavesPage.tc0103click_on_save_the_user_moves_to_next_page(SDLeavesPage.java:78)] - browser closed
2020-04-08 10:15:27.899 ERROR [main] [com.cts.stepdefinition.SDDashBoardPage] [tc0104the_user_launch_the_chrome_application] [com.cts.stepdefinition.SDDashBoardPage.tc0104the_user_launch_the_chrome_application(SDDashBoardPage.java:31)] - browser opens
2020-04-08 10:15:28.737 ERROR [main] [com.cts.stepdefinition.SDDashBoardPage] [tc0104the_user_open_the_orangehrm_home_page] [com.cts.stepdefinition.SDDashBoardPage.tc0104the_user_open_the_orangehrm_home_page(SDDashBoardPage.java:37)] - website opens
2020-04-08 10:15:29.355 INFO [main] [com.cts.stepdefinition.SDDashBoardPage] [tc0104the_user_login_using_and] [com.cts.stepdefinition.SDDashBoardPage.tc0104the_user_login_using_and(SDDashBoardPage.java:47)] - login successfully
2020-04-08 10:15:38.029 WARN [main] [com.cts.stepdefinition.SDDashBoardPage] [tc0104click_on_view_the_user_moves_to_next_page] [com.cts.stepdefinition.SDDashBoardPage.tc0104click_on_view_the_user_moves_to_next_page(SDDashBoardPage.java:75)] - driver is closing
2020-04-08 10:15:53.550 INFO [main] [com.cts.stepdefinition.SDMaintenancePage] [tc0105the_user_launch_the_chrome_application] [com.cts.stepdefinition.SDMaintenancePage.tc0105the_user_launch_the_chrome_application(SDMaintenancePage.java:31)] - browser opens
2020-04-08 10:15:54.669 INFO [main] [com.cts.stepdefinition.SDMaintenancePage] [tc0105the_user_open_the_orangehrm_home_page] [com.cts.stepdefinition.SDMaintenancePage.tc0105the_user_open_the_orangehrm_home_page(SDMaintenancePage.java:37)] - website opens
2020-04-08 10:15:55.773 INFO [main] [com.cts.stepdefinition.SDMaintenancePage] [tc0105the_user_login_using_and] [com.cts.stepdefinition.SDMaintenancePage.tc0105the_user_login_using_and(SDMaintenancePage.java:46)] - login successfully
2020-04-08 10:16:04.851 INFO [main] [com.cts.stepdefinition.SDMaintenancePage] [tc0105using_actions_move_to_candidate_records_from_maintenance_then_move_to_next_page] [com.cts.stepdefinition.SDMaintenancePage.tc0105using_actions_move_to_candidate_records_from_maintenance_then_move_to_next_page(SDMaintenancePage.java:58)] - maintenance page is opened successfully
2020-04-08 10:16:08.592 WARN [main] [com.cts.stepdefinition.SDMaintenancePage] [tc0105click_on_search_button] [com.cts.stepdefinition.SDMaintenancePage.tc0105click_on_search_button(SDMaintenancePage.java:81)] - browser closed
2020-04-08 10:16:24.205 INFO [main] [com.cts.stepdefinition.SDLogoutPage] [tc0106the_user_launch_the_chrome_application] [com.cts.stepdefinition.SDLogoutPage.tc0106the_user_launch_the_chrome_application(SDLogoutPage.java:34)] - browser opens
2020-04-08 10:16:25.266 INFO [main] [com.cts.stepdefinition.SDLogoutPage] [tc0106the_user_open_the_orangehrm_home_page] [com.cts.stepdefinition.SDLogoutPage.tc0106the_user_open_the_orangehrm_home_page(SDLogoutPage.java:40)] - website opens
2020-04-08 10:16:25.865 INFO [main] [com.cts.stepdefinition.SDLogoutPage] [tc0106the_user_login_using_and] [com.cts.stepdefinition.SDLogoutPage.tc0106the_user_login_using_and(SDLogoutPage.java:50)] - login successfully
2020-04-08 10:16:39.784 WARN [main] [com.cts.stepdefinition.SDLogoutPage] [tc0106click_on_logout_the_user_moves_to_home_page] [com.cts.stepdefinition.SDLogoutPage.tc0106click_on_logout_the_user_moves_to_home_page(SDLogoutPage.java:81)] - browser is logged out
2020-04-08 10:16:40.348 WARN [main] [com.cts.stepdefinition.SDLogoutPage] [tc0106click_on_logout_the_user_moves_to_home_page] [com.cts.stepdefinition.SDLogoutPage.tc0106click_on_logout_the_user_moves_to_home_page(SDLogoutPage.java:84)] - browser closed
2020-04-08 11:29:43.557 INFO [main] [com.cts.stepdefinition.SDLoginPage] [the_user_launch_the_chrome_application] [com.cts.stepdefinition.SDLoginPage.the_user_launch_the_chrome_application(SDLoginPage.java:30)] - browser opens
2020-04-08 11:29:44.711 INFO [main] [com.cts.stepdefinition.SDLoginPage] [the_user_open_the_orangehrm_home_page] [com.cts.stepdefinition.SDLoginPage.the_user_open_the_orangehrm_home_page(SDLoginPage.java:38)] - website opens
2020-04-08 11:29:53.845 INFO [main] [com.cts.stepdefinition.SDLoginPage] [the_user_login_using_username_and_password] [com.cts.stepdefinition.SDLoginPage.the_user_login_using_username_and_password(SDLoginPage.java:52)] - login successfully
2020-04-08 11:30:02.647 ERROR [main] [com.cts.stepdefinition.SDLoginPage] [click_on_the_login_button_user_nagivate_to_the_next_pag] [com.cts.stepdefinition.SDLoginPage.click_on_the_login_button_user_nagivate_to_the_next_pag(SDLoginPage.java:61)] - browser is closed
2020-04-08 11:31:49.247 INFO [main] [com.cts.stepdefinition.SDLoginPage] [the_user_launch_the_chrome_application] [com.cts.stepdefinition.SDLoginPage.the_user_launch_the_chrome_application(SDLoginPage.java:30)] - browser opens
2020-04-08 11:31:50.762 INFO [main] [com.cts.stepdefinition.SDLoginPage] [the_user_open_the_orangehrm_home_page] [com.cts.stepdefinition.SDLoginPage.the_user_open_the_orangehrm_home_page(SDLoginPage.java:38)] - website opens
2020-04-08 11:31:54.461 INFO [main] [com.cts.stepdefinition.SDLoginPage] [the_user_login_using_username_and_password] [com.cts.stepdefinition.SDLoginPage.the_user_login_using_username_and_password(SDLoginPage.java:52)] - login successfully
2020-04-08 11:32:01.141 ERROR [main] [com.cts.stepdefinition.SDLoginPage] [click_on_the_login_button_user_nagivate_to_the_next_pag] [com.cts.stepdefinition.SDLoginPage.click_on_the_login_button_user_nagivate_to_the_next_pag(SDLoginPage.java:61)] - browser is closed
2020-04-08 12:31:16.803 INFO [main] [com.cts.stepdefinition.SDLoginPage] [the_user_launch_the_chrome_application] [com.cts.stepdefinition.SDLoginPage.the_user_launch_the_chrome_application(SDLoginPage.java:30)] - browser opens
2020-04-08 12:31:18.324 INFO [main] [com.cts.stepdefinition.SDLoginPage] [the_user_open_the_orangehrm_home_page] [com.cts.stepdefinition.SDLoginPage.the_user_open_the_orangehrm_home_page(SDLoginPage.java:38)] - website opens
2020-04-08 12:31:30.742 INFO [main] [com.cts.stepdefinition.SDLoginPage] [the_user_login_using_username_and_password] [com.cts.stepdefinition.SDLoginPage.the_user_login_using_username_and_password(SDLoginPage.java:52)] - login successfully
2020-04-08 12:31:42.242 ERROR [main] [com.cts.stepdefinition.SDLoginPage] [click_on_the_login_button_user_nagivate_to_the_next_pag] [com.cts.stepdefinition.SDLoginPage.click_on_the_login_button_user_nagivate_to_the_next_pag(SDLoginPage.java:61)] - browser is closed
2020-04-08 12:32:06.171 INFO [main] [com.cts.stepdefinition.SDAdminjobcatPage] [tc0102the_user_launch_the_chrome_application] [com.cts.stepdefinition.SDAdminjobcatPage.tc0102the_user_launch_the_chrome_application(SDAdminjobcatPage.java:33)] - browser opens
2020-04-08 12:32:07.464 INFO [main] [com.cts.stepdefinition.SDAdminjobcatPage] [tc0102the_user_open_the_orangehrm_home_page] [com.cts.stepdefinition.SDAdminjobcatPage.tc0102the_user_open_the_orangehrm_home_page(SDAdminjobcatPage.java:39)] - website opens
2020-04-08 12:32:08.577 INFO [main] [com.cts.stepdefinition.SDAdminjobcatPage] [tc0102the_user_login_using_and] [com.cts.stepdefinition.SDAdminjobcatPage.tc0102the_user_login_using_and(SDAdminjobcatPage.java:48)] - login successfully
2020-04-08 12:32:24.628 WARN [main] [com.cts.stepdefinition.SDAdminjobcatPage] [tc0102click_on_professionals_check_box] [com.cts.stepdefinition.SDAdminjobcatPage.tc0102click_on_professionals_check_box(SDAdminjobcatPage.java:73)] - browser is closed
2020-04-08 12:32:50.751 INFO [main] [com.cts.stepdefinition.SDLeavesPage] [tc0103the_user_launch_the_chrome_application] [com.cts.stepdefinition.SDLeavesPage.tc0103the_user_launch_the_chrome_application(SDLeavesPage.java:32)] - browser opens
2020-04-08 12:32:51.614 INFO [main] [com.cts.stepdefinition.SDLeavesPage] [tc0103the_user_open_the_orangehrm_home_page] [com.cts.stepdefinition.SDLeavesPage.tc0103the_user_open_the_orangehrm_home_page(SDLeavesPage.java:38)] - website opens
2020-04-08 12:32:52.178 INFO [main] [com.cts.stepdefinition.SDLeavesPage] [tc0103the_user_login_using_and] [com.cts.stepdefinition.SDLeavesPage.tc0103the_user_login_using_and(SDLeavesPage.java:47)] - login successfully
2020-04-08 12:33:02.285 INFO [main] [com.cts.stepdefinition.SDLeavesPage] [tc0103using_actions_move_to_leave_types_from_leaves_then_move_to_next_page] [com.cts.stepdefinition.SDLeavesPage.tc0103using_actions_move_to_leave_types_from_leaves_then_move_to_next_page(SDLeavesPage.java:59)] - leavepage opens sucessfully
2020-04-08 12:33:05.801 INFO [main] [com.cts.stepdefinition.SDLeavesPage] [tc0103click_on_save_the_user_moves_to_next_page] [com.cts.stepdefinition.SDLeavesPage.tc0103click_on_save_the_user_moves_to_next_page(SDLeavesPage.java:75)] - saved sucessfully
2020-04-08 12:33:06.768 WARN [main] [com.cts.stepdefinition.SDLeavesPage] [tc0103click_on_save_the_user_moves_to_next_page] [com.cts.stepdefinition.SDLeavesPage.tc0103click_on_save_the_user_moves_to_next_page(SDLeavesPage.java:78)] - browser closed
2020-04-08 12:33:24.616 ERROR [main] [com.cts.stepdefinition.SDDashBoardPage] [tc0104the_user_launch_the_chrome_application] [com.cts.stepdefinition.SDDashBoardPage.tc0104the_user_launch_the_chrome_application(SDDashBoardPage.java:31)] - browser opens
2020-04-08 12:33:25.572 ERROR [main] [com.cts.stepdefinition.SDDashBoardPage] [tc0104the_user_open_the_orangehrm_home_page] [com.cts.stepdefinition.SDDashBoardPage.tc0104the_user_open_the_orangehrm_home_page(SDDashBoardPage.java:37)] - website opens
2020-04-08 12:33:26.105 INFO [main] [com.cts.stepdefinition.SDDashBoardPage] [tc0104the_user_login_using_and] [com.cts.stepdefinition.SDDashBoardPage.tc0104the_user_login_using_and(SDDashBoardPage.java:47)] - login successfully
2020-04-08 12:33:35.749 WARN [main] [com.cts.stepdefinition.SDDashBoardPage] [tc0104click_on_view_the_user_moves_to_next_page] [com.cts.stepdefinition.SDDashBoardPage.tc0104click_on_view_the_user_moves_to_next_page(SDDashBoardPage.java:75)] - driver is closing
2020-04-08 12:33:53.616 INFO [main] [com.cts.stepdefinition.SDMaintenancePage] [tc0105the_user_launch_the_chrome_application] [com.cts.stepdefinition.SDMaintenancePage.tc0105the_user_launch_the_chrome_application(SDMaintenancePage.java:31)] - browser opens
2020-04-08 12:33:54.331 INFO [main] [com.cts.stepdefinition.SDMaintenancePage] [tc0105the_user_open_the_orangehrm_home_page] [com.cts.stepdefinition.SDMaintenancePage.tc0105the_user_open_the_orangehrm_home_page(SDMaintenancePage.java:37)] - website opens
2020-04-08 12:33:55.023 INFO [main] [com.cts.stepdefinition.SDMaintenancePage] [tc0105the_user_login_using_and] [com.cts.stepdefinition.SDMaintenancePage.tc0105the_user_login_using_and(SDMaintenancePage.java:46)] - login successfully
2020-04-08 12:34:04.300 INFO [main] [com.cts.stepdefinition.SDMaintenancePage] [tc0105using_actions_move_to_candidate_records_from_maintenance_then_move_to_next_page] [com.cts.stepdefinition.SDMaintenancePage.tc0105using_actions_move_to_candidate_records_from_maintenance_then_move_to_next_page(SDMaintenancePage.java:58)] - maintenance page is opened successfully
2020-04-08 12:34:08.439 WARN [main] [com.cts.stepdefinition.SDMaintenancePage] [tc0105click_on_search_button] [com.cts.stepdefinition.SDMaintenancePage.tc0105click_on_search_button(SDMaintenancePage.java:81)] - browser closed
2020-04-08 12:34:30.060 INFO [main] [com.cts.stepdefinition.SDLogoutPage] [tc0106the_user_launch_the_chrome_application] [com.cts.stepdefinition.SDLogoutPage.tc0106the_user_launch_the_chrome_application(SDLogoutPage.java:34)] - browser opens
2020-04-08 12:34:31.149 INFO [main] [com.cts.stepdefinition.SDLogoutPage] [tc0106the_user_open_the_orangehrm_home_page] [com.cts.stepdefinition.SDLogoutPage.tc0106the_user_open_the_orangehrm_home_page(SDLogoutPage.java:40)] - website opens
2020-04-08 12:34:31.680 INFO [main] [com.cts.stepdefinition.SDLogoutPage] [tc0106the_user_login_using_and] [com.cts.stepdefinition.SDLogoutPage.tc0106the_user_login_using_and(SDLogoutPage.java:50)] - login successfully
2020-04-08 12:34:44.859 WARN [main] [com.cts.stepdefinition.SDLogoutPage] [tc0106click_on_logout_the_user_moves_to_home_page] [com.cts.stepdefinition.SDLogoutPage.tc0106click_on_logout_the_user_moves_to_home_page(SDLogoutPage.java:81)] - browser is logged out
2020-04-08 12:34:45.454 WARN [main] [com.cts.stepdefinition.SDLogoutPage] [tc0106click_on_logout_the_user_moves_to_home_page] [com.cts.stepdefinition.SDLogoutPage.tc0106click_on_logout_the_user_moves_to_home_page(SDLogoutPage.java:84)] - browser closed
2020-04-08 15:01:57.567 INFO [main] [com.cts.stepdefinition.SDLoginPage] [the_user_launch_the_chrome_application] [com.cts.stepdefinition.SDLoginPage.the_user_launch_the_chrome_application(SDLoginPage.java:30)] - browser opens
2020-04-08 15:01:58.716 INFO [main] [com.cts.stepdefinition.SDLoginPage] [the_user_open_the_orangehrm_home_page] [com.cts.stepdefinition.SDLoginPage.the_user_open_the_orangehrm_home_page(SDLoginPage.java:38)] - website opens
2020-04-08 15:02:08.171 INFO [main] [com.cts.stepdefinition.SDLoginPage] [the_user_login_using_username_and_password] [com.cts.stepdefinition.SDLoginPage.the_user_login_using_username_and_password(SDLoginPage.java:52)] - login successfully
2020-04-08 15:02:15.985 ERROR [main] [com.cts.stepdefinition.SDLoginPage] [click_on_the_login_button_user_nagivate_to_the_next_pag] [com.cts.stepdefinition.SDLoginPage.click_on_the_login_button_user_nagivate_to_the_next_pag(SDLoginPage.java:61)] - browser is closed
2020-04-08 15:02:31.255 INFO [main] [com.cts.stepdefinition.SDAdminjobcatPage] [tc0102the_user_launch_the_chrome_application] [com.cts.stepdefinition.SDAdminjobcatPage.tc0102the_user_launch_the_chrome_application(SDAdminjobcatPage.java:33)] - browser opens
2020-04-08 15:02:32.342 INFO [main] [com.cts.stepdefinition.SDAdminjobcatPage] [tc0102the_user_open_the_orangehrm_home_page] [com.cts.stepdefinition.SDAdminjobcatPage.tc0102the_user_open_the_orangehrm_home_page(SDAdminjobcatPage.java:39)] - website opens
2020-04-08 15:02:33.219 INFO [main] [com.cts.stepdefinition.SDAdminjobcatPage] [tc0102the_user_login_using_and] [com.cts.stepdefinition.SDAdminjobcatPage.tc0102the_user_login_using_and(SDAdminjobcatPage.java:48)] - login successfully
2020-04-08 15:02:46.496 WARN [main] [com.cts.stepdefinition.SDAdminjobcatPage] [tc0102click_on_professionals_check_box] [com.cts.stepdefinition.SDAdminjobcatPage.tc0102click_on_professionals_check_box(SDAdminjobcatPage.java:73)] - browser is closed
2020-04-08 15:03:02.985 INFO [main] [com.cts.stepdefinition.SDLeavesPage] [tc0103the_user_launch_the_chrome_application] [com.cts.stepdefinition.SDLeavesPage.tc0103the_user_launch_the_chrome_application(SDLeavesPage.java:32)] - browser opens
2020-04-08 15:03:03.834 INFO [main] [com.cts.stepdefinition.SDLeavesPage] [tc0103the_user_open_the_orangehrm_home_page] [com.cts.stepdefinition.SDLeavesPage.tc0103the_user_open_the_orangehrm_home_page(SDLeavesPage.java:38)] - website opens
2020-04-08 15:03:05.017 INFO [main] [com.cts.stepdefinition.SDLeavesPage] [tc0103the_user_login_using_and] [com.cts.stepdefinition.SDLeavesPage.tc0103the_user_login_using_and(SDLeavesPage.java:47)] - login successfully
2020-04-08 15:03:12.107 INFO [main] [com.cts.stepdefinition.SDLeavesPage] [tc0103using_actions_move_to_leave_types_from_leaves_then_move_to_next_page] [com.cts.stepdefinition.SDLeavesPage.tc0103using_actions_move_to_leave_types_from_leaves_then_move_to_next_page(SDLeavesPage.java:59)] - leavepage opens sucessfully
2020-04-08 15:03:16.849 INFO [main] [com.cts.stepdefinition.SDLeavesPage] [tc0103click_on_save_the_user_moves_to_next_page] [com.cts.stepdefinition.SDLeavesPage.tc0103click_on_save_the_user_moves_to_next_page(SDLeavesPage.java:75)] - saved sucessfully
2020-04-08 15:03:17.592 WARN [main] [com.cts.stepdefinition.SDLeavesPage] [tc0103click_on_save_the_user_moves_to_next_page] [com.cts.stepdefinition.SDLeavesPage.tc0103click_on_save_the_user_moves_to_next_page(SDLeavesPage.java:78)] - browser closed
2020-04-08 15:03:33.996 ERROR [main] [com.cts.stepdefinition.SDDashBoardPage] [tc0104the_user_launch_the_chrome_application] [com.cts.stepdefinition.SDDashBoardPage.tc0104the_user_launch_the_chrome_application(SDDashBoardPage.java:31)] - browser opens
2020-04-08 15:03:34.977 ERROR [main] [com.cts.stepdefinition.SDDashBoardPage] [tc0104the_user_open_the_orangehrm_home_page] [com.cts.stepdefinition.SDDashBoardPage.tc0104the_user_open_the_orangehrm_home_page(SDDashBoardPage.java:37)] - website opens
2020-04-08 15:03:35.711 INFO [main] [com.cts.stepdefinition.SDDashBoardPage] [tc0104the_user_login_using_and] [com.cts.stepdefinition.SDDashBoardPage.tc0104the_user_login_using_and(SDDashBoardPage.java:47)] - login successfully
2020-04-08 15:03:44.213 WARN [main] [com.cts.stepdefinition.SDDashBoardPage] [tc0104click_on_view_the_user_moves_to_next_page] [com.cts.stepdefinition.SDDashBoardPage.tc0104click_on_view_the_user_moves_to_next_page(SDDashBoardPage.java:75)] - driver is closing
2020-04-08 15:04:01.412 INFO [main] [com.cts.stepdefinition.SDMaintenancePage] [tc0105the_user_launch_the_chrome_application] [com.cts.stepdefinition.SDMaintenancePage.tc0105the_user_launch_the_chrome_application(SDMaintenancePage.java:31)] - browser opens
2020-04-08 15:04:02.873 INFO [main] [com.cts.stepdefinition.SDMaintenancePage] [tc0105the_user_open_the_orangehrm_home_page] [com.cts.stepdefinition.SDMaintenancePage.tc0105the_user_open_the_orangehrm_home_page(SDMaintenancePage.java:37)] - website opens
2020-04-08 15:04:03.829 INFO [main] [com.cts.stepdefinition.SDMaintenancePage] [tc0105the_user_login_using_and] [com.cts.stepdefinition.SDMaintenancePage.tc0105the_user_login_using_and(SDMaintenancePage.java:46)] - login successfully
2020-04-08 15:04:11.327 INFO [main] [com.cts.stepdefinition.SDMaintenancePage] [tc0105using_actions_move_to_candidate_records_from_maintenance_then_move_to_next_page] [com.cts.stepdefinition.SDMaintenancePage.tc0105using_actions_move_to_candidate_records_from_maintenance_then_move_to_next_page(SDMaintenancePage.java:58)] - maintenance page is opened successfully
2020-04-08 15:04:14.940 WARN [main] [com.cts.stepdefinition.SDMaintenancePage] [tc0105click_on_search_button] [com.cts.stepdefinition.SDMaintenancePage.tc0105click_on_search_button(SDMaintenancePage.java:81)] - browser closed
2020-04-08 15:04:33.540 INFO [main] [com.cts.stepdefinition.SDLogoutPage] [tc0106the_user_launch_the_chrome_application] [com.cts.stepdefinition.SDLogoutPage.tc0106the_user_launch_the_chrome_application(SDLogoutPage.java:34)] - browser opens
2020-04-08 15:04:34.615 INFO [main] [com.cts.stepdefinition.SDLogoutPage] [tc0106the_user_open_the_orangehrm_home_page] [com.cts.stepdefinition.SDLogoutPage.tc0106the_user_open_the_orangehrm_home_page(SDLogoutPage.java:40)] - website opens
2020-04-08 15:04:35.368 INFO [main] [com.cts.stepdefinition.SDLogoutPage] [tc0106the_user_login_using_and] [com.cts.stepdefinition.SDLogoutPage.tc0106the_user_login_using_and(SDLogoutPage.java:50)] - login successfully
2020-04-08 15:04:48.706 WARN [main] [com.cts.stepdefinition.SDLogoutPage] [tc0106click_on_logout_the_user_moves_to_home_page] [com.cts.stepdefinition.SDLogoutPage.tc0106click_on_logout_the_user_moves_to_home_page(SDLogoutPage.java:81)] - browser is logged out
2020-04-08 15:04:49.510 WARN [main] [com.cts.stepdefinition.SDLogoutPage] [tc0106click_on_logout_the_user_moves_to_home_page] [com.cts.stepdefinition.SDLogoutPage.tc0106click_on_logout_the_user_moves_to_home_page(SDLogoutPage.java:84)] - browser closed
2020-04-08 15:19:59.949 ERROR [main] [com.cts.stepdefinition.SDDashBoardPage] [tc0104the_user_launch_the_chrome_application] [com.cts.stepdefinition.SDDashBoardPage.tc0104the_user_launch_the_chrome_application(SDDashBoardPage.java:31)] - browser opens
2020-04-08 15:20:00.771 ERROR [main] [com.cts.stepdefinition.SDDashBoardPage] [tc0104the_user_open_the_orangehrm_home_page] [com.cts.stepdefinition.SDDashBoardPage.tc0104the_user_open_the_orangehrm_home_page(SDDashBoardPage.java:37)] - website opens
2020-04-08 15:20:09.042 INFO [main] [com.cts.stepdefinition.SDDashBoardPage] [tc0104the_user_login_using_and] [com.cts.stepdefinition.SDDashBoardPage.tc0104the_user_login_using_and(SDDashBoardPage.java:47)] - login successfully
2020-04-08 15:20:19.385 WARN [main] [com.cts.stepdefinition.SDDashBoardPage] [tc0104click_on_view_the_user_moves_to_next_page] [com.cts.stepdefinition.SDDashBoardPage.tc0104click_on_view_the_user_moves_to_next_page(SDDashBoardPage.java:75)] - driver is closing
2020-04-08 15:22:58.203 ERROR [main] [com.cts.stepdefinition.SDDashBoardPage] [tc0104the_user_launch_the_chrome_application] [com.cts.stepdefinition.SDDashBoardPage.tc0104the_user_launch_the_chrome_application(SDDashBoardPage.java:31)] - browser opens
2020-04-08 15:22:59.272 ERROR [main] [com.cts.stepdefinition.SDDashBoardPage] [tc0104the_user_open_the_orangehrm_home_page] [com.cts.stepdefinition.SDDashBoardPage.tc0104the_user_open_the_orangehrm_home_page(SDDashBoardPage.java:37)] - website opens
2020-04-08 15:23:05.244 INFO [main] [com.cts.stepdefinition.SDDashBoardPage] [tc0104the_user_login_using_and] [com.cts.stepdefinition.SDDashBoardPage.tc0104the_user_login_using_and(SDDashBoardPage.java:47)] - login successfully
2020-04-08 15:23:17.757 WARN [main] [com.cts.stepdefinition.SDDashBoardPage] [tc0104click_on_view_the_user_moves_to_next_page] [com.cts.stepdefinition.SDDashBoardPage.tc0104click_on_view_the_user_moves_to_next_page(SDDashBoardPage.java:75)] - driver is closing
2020-04-08 15:36:10.257 ERROR [main] [com.cts.stepdefinition.SDDashBoardPage] [tc0104the_user_launch_the_chrome_application] [com.cts.stepdefinition.SDDashBoardPage.tc0104the_user_launch_the_chrome_application(SDDashBoardPage.java:32)] - browser opens
2020-04-08 15:36:13.723 ERROR [main] [com.cts.stepdefinition.SDDashBoardPage] [tc0104the_user_open_the_orangehrm_home_page] [com.cts.stepdefinition.SDDashBoardPage.tc0104the_user_open_the_orangehrm_home_page(SDDashBoardPage.java:38)] - website opens
2020-04-08 15:36:18.937 INFO [main] [com.cts.stepdefinition.SDDashBoardPage] [tc0104the_user_login_using_and] [com.cts.stepdefinition.SDDashBoardPage.tc0104the_user_login_using_and(SDDashBoardPage.java:48)] - login successfully
2020-04-08 15:36:34.851 WARN [main] [com.cts.stepdefinition.SDDashBoardPage] [tc0104click_on_view_the_user_moves_to_next_page] [com.cts.stepdefinition.SDDashBoardPage.tc0104click_on_view_the_user_moves_to_next_page(SDDashBoardPage.java:76)] - driver is closing
2020-04-08 15:45:51.206 ERROR [main] [com.cts.stepdefinition.SDDashBoardPage] [tc0104the_user_launch_the_chrome_application] [com.cts.stepdefinition.SDDashBoardPage.tc0104the_user_launch_the_chrome_application(SDDashBoardPage.java:32)] - browser opens
2020-04-08 15:45:52.414 ERROR [main] [com.cts.stepdefinition.SDDashBoardPage] [tc0104the_user_open_the_orangehrm_home_page] [com.cts.stepdefinition.SDDashBoardPage.tc0104the_user_open_the_orangehrm_home_page(SDDashBoardPage.java:38)] - website opens
2020-04-08 15:45:58.292 INFO [main] [com.cts.stepdefinition.SDDashBoardPage] [tc0104the_user_login_using_and] [com.cts.stepdefinition.SDDashBoardPage.tc0104the_user_login_using_and(SDDashBoardPage.java:48)] - login successfully
2020-04-08 15:46:10.092 WARN [main] [com.cts.stepdefinition.SDDashBoardPage] [tc0104click_on_view_the_user_moves_to_next_page] [com.cts.stepdefinition.SDDashBoardPage.tc0104click_on_view_the_user_moves_to_next_page(SDDashBoardPage.java:76)] - driver is closing
2020-04-08 15:57:59.967 INFO [main] [com.cts.stepdefinition.SDLoginPage] [the_user_launch_the_chrome_application] [com.cts.stepdefinition.SDLoginPage.the_user_launch_the_chrome_application(SDLoginPage.java:30)] - browser opens
2020-04-08 15:58:01.184 INFO [main] [com.cts.stepdefinition.SDLoginPage] [the_user_open_the_orangehrm_home_page] [com.cts.stepdefinition.SDLoginPage.the_user_open_the_orangehrm_home_page(SDLoginPage.java:38)] - website opens
2020-04-08 15:58:08.795 INFO [main] [com.cts.stepdefinition.SDLoginPage] [the_user_login_using_username_and_password] [com.cts.stepdefinition.SDLoginPage.the_user_login_using_username_and_password(SDLoginPage.java:52)] - login successfully
2020-04-08 15:58:18.574 ERROR [main] [com.cts.stepdefinition.SDLoginPage] [click_on_the_login_button_user_nagivate_to_the_next_pag] [com.cts.stepdefinition.SDLoginPage.click_on_the_login_button_user_nagivate_to_the_next_pag(SDLoginPage.java:61)] - browser is closed
2020-04-08 15:58:36.017 INFO [main] [com.cts.stepdefinition.SDAdminjobcatPage] [tc0102the_user_launch_the_chrome_application] [com.cts.stepdefinition.SDAdminjobcatPage.tc0102the_user_launch_the_chrome_application(SDAdminjobcatPage.java:33)] - browser opens
2020-04-08 15:58:37.546 INFO [main] [com.cts.stepdefinition.SDAdminjobcatPage] [tc0102the_user_open_the_orangehrm_home_page] [com.cts.stepdefinition.SDAdminjobcatPage.tc0102the_user_open_the_orangehrm_home_page(SDAdminjobcatPage.java:39)] - website opens
2020-04-08 15:58:38.277 INFO [main] [com.cts.stepdefinition.SDAdminjobcatPage] [tc0102the_user_login_using_and] [com.cts.stepdefinition.SDAdminjobcatPage.tc0102the_user_login_using_and(SDAdminjobcatPage.java:48)] - login successfully
2020-04-08 15:58:52.730 WARN [main] [com.cts.stepdefinition.SDAdminjobcatPage] [tc0102click_on_professionals_check_box] [com.cts.stepdefinition.SDAdminjobcatPage.tc0102click_on_professionals_check_box(SDAdminjobcatPage.java:73)] - browser is closed
2020-04-08 15:59:08.690 INFO [main] [com.cts.stepdefinition.SDLeavesPage] [tc0103the_user_launch_the_chrome_application] [com.cts.stepdefinition.SDLeavesPage.tc0103the_user_launch_the_chrome_application(SDLeavesPage.java:32)] - browser opens
2020-04-08 15:59:09.921 INFO [main] [com.cts.stepdefinition.SDLeavesPage] [tc0103the_user_open_the_orangehrm_home_page] [com.cts.stepdefinition.SDLeavesPage.tc0103the_user_open_the_orangehrm_home_page(SDLeavesPage.java:38)] - website opens
2020-04-08 15:59:10.793 INFO [main] [com.cts.stepdefinition.SDLeavesPage] [tc0103the_user_login_using_and] [com.cts.stepdefinition.SDLeavesPage.tc0103the_user_login_using_and(SDLeavesPage.java:47)] - login successfully
2020-04-08 15:59:19.988 INFO [main] [com.cts.stepdefinition.SDLeavesPage] [tc0103using_actions_move_to_leave_types_from_leaves_then_move_to_next_page] [com.cts.stepdefinition.SDLeavesPage.tc0103using_actions_move_to_leave_types_from_leaves_then_move_to_next_page(SDLeavesPage.java:59)] - leavepage opens sucessfully
2020-04-08 15:59:22.925 INFO [main] [com.cts.stepdefinition.SDLeavesPage] [tc0103click_on_save_the_user_moves_to_next_page] [com.cts.stepdefinition.SDLeavesPage.tc0103click_on_save_the_user_moves_to_next_page(SDLeavesPage.java:75)] - saved sucessfully
2020-04-08 15:59:23.402 WARN [main] [com.cts.stepdefinition.SDLeavesPage] [tc0103click_on_save_the_user_moves_to_next_page] [com.cts.stepdefinition.SDLeavesPage.tc0103click_on_save_the_user_moves_to_next_page(SDLeavesPage.java:78)] - browser closed
2020-04-08 15:59:42.661 ERROR [main] [com.cts.stepdefinition.SDDashBoardPage] [tc0104the_user_launch_the_chrome_application] [com.cts.stepdefinition.SDDashBoardPage.tc0104the_user_launch_the_chrome_application(SDDashBoardPage.java:32)] - browser opens
2020-04-08 15:59:43.734 ERROR [main] [com.cts.stepdefinition.SDDashBoardPage] [tc0104the_user_open_the_orangehrm_home_page] [com.cts.stepdefinition.SDDashBoardPage.tc0104the_user_open_the_orangehrm_home_page(SDDashBoardPage.java:38)] - website opens
2020-04-08 15:59:44.273 INFO [main] [com.cts.stepdefinition.SDDashBoardPage] [tc0104the_user_login_using_and] [com.cts.stepdefinition.SDDashBoardPage.tc0104the_user_login_using_and(SDDashBoardPage.java:48)] - login successfully
2020-04-08 15:59:55.836 WARN [main] [com.cts.stepdefinition.SDDashBoardPage] [tc0104click_on_view_the_user_moves_to_next_page] [com.cts.stepdefinition.SDDashBoardPage.tc0104click_on_view_the_user_moves_to_next_page(SDDashBoardPage.java:76)] - driver is closing
2020-04-08 16:00:12.716 INFO [main] [com.cts.stepdefinition.SDMaintenancePage] [tc0105the_user_launch_the_chrome_application] [com.cts.stepdefinition.SDMaintenancePage.tc0105the_user_launch_the_chrome_application(SDMaintenancePage.java:31)] - browser opens
2020-04-08 16:00:13.672 INFO [main] [com.cts.stepdefinition.SDMaintenancePage] [tc0105the_user_open_the_orangehrm_home_page] [com.cts.stepdefinition.SDMaintenancePage.tc0105the_user_open_the_orangehrm_home_page(SDMaintenancePage.java:37)] - website opens
2020-04-08 16:00:14.509 INFO [main] [com.cts.stepdefinition.SDMaintenancePage] [tc0105the_user_login_using_and] [com.cts.stepdefinition.SDMaintenancePage.tc0105the_user_login_using_and(SDMaintenancePage.java:46)] - login successfully
2020-04-08 16:00:23.562 INFO [main] [com.cts.stepdefinition.SDMaintenancePage] [tc0105using_actions_move_to_candidate_records_from_maintenance_then_move_to_next_page] [com.cts.stepdefinition.SDMaintenancePage.tc0105using_actions_move_to_candidate_records_from_maintenance_then_move_to_next_page(SDMaintenancePage.java:58)] - maintenance page is opened successfully
2020-04-08 16:00:27.757 WARN [main] [com.cts.stepdefinition.SDMaintenancePage] [tc0105click_on_search_button] [com.cts.stepdefinition.SDMaintenancePage.tc0105click_on_search_button(SDMaintenancePage.java:81)] - browser closed
2020-04-08 16:00:44.086 INFO [main] [com.cts.stepdefinition.SDLogoutPage] [tc0106the_user_launch_the_chrome_application] [com.cts.stepdefinition.SDLogoutPage.tc0106the_user_launch_the_chrome_application(SDLogoutPage.java:34)] - browser opens
2020-04-08 16:00:45.246 INFO [main] [com.cts.stepdefinition.SDLogoutPage] [tc0106the_user_open_the_orangehrm_home_page] [com.cts.stepdefinition.SDLogoutPage.tc0106the_user_open_the_orangehrm_home_page(SDLogoutPage.java:40)] - website opens
2020-04-08 16:00:45.853 INFO [main] [com.cts.stepdefinition.SDLogoutPage] [tc0106the_user_login_using_and] [com.cts.stepdefinition.SDLogoutPage.tc0106the_user_login_using_and(SDLogoutPage.java:50)] - login successfully
2020-04-08 16:01:00.367 WARN [main] [com.cts.stepdefinition.SDLogoutPage] [tc0106click_on_logout_the_user_moves_to_home_page] [com.cts.stepdefinition.SDLogoutPage.tc0106click_on_logout_the_user_moves_to_home_page(SDLogoutPage.java:81)] - browser is logged out
2020-04-08 16:01:01.189 WARN [main] [com.cts.stepdefinition.SDLogoutPage] [tc0106click_on_logout_the_user_moves_to_home_page] [com.cts.stepdefinition.SDLogoutPage.tc0106click_on_logout_the_user_moves_to_home_page(SDLogoutPage.java:84)] - browser closed
2020-04-08 16:04:35.630 INFO [main] [com.cts.stepdefinition.SDAdminjobcatPage] [tc0102the_user_launch_the_chrome_application] [com.cts.stepdefinition.SDAdminjobcatPage.tc0102the_user_launch_the_chrome_application(SDAdminjobcatPage.java:33)] - browser opens
2020-04-08 16:04:36.825 INFO [main] [com.cts.stepdefinition.SDAdminjobcatPage] [tc0102the_user_open_the_orangehrm_home_page] [com.cts.stepdefinition.SDAdminjobcatPage.tc0102the_user_open_the_orangehrm_home_page(SDAdminjobcatPage.java:39)] - website opens
2020-04-08 16:04:43.000 INFO [main] [com.cts.stepdefinition.SDAdminjobcatPage] [tc0102the_user_login_using_and] [com.cts.stepdefinition.SDAdminjobcatPage.tc0102the_user_login_using_and(SDAdminjobcatPage.java:48)] - login successfully
2020-04-08 16:04:54.593 WARN [main] [com.cts.stepdefinition.SDAdminjobcatPage] [tc0102click_on_professionals_check_box] [com.cts.stepdefinition.SDAdminjobcatPage.tc0102click_on_professionals_check_box(SDAdminjobcatPage.java:73)] - browser is closed
2020-04-08 16:11:38.189 INFO [main] [com.cts.stepdefinition.SDAdminjobcatPage] [tc0102the_user_launch_the_chrome_application] [com.cts.stepdefinition.SDAdminjobcatPage.tc0102the_user_launch_the_chrome_application(SDAdminjobcatPage.java:33)] - browser opens
2020-04-08 16:11:39.313 INFO [main] [com.cts.stepdefinition.SDAdminjobcatPage] [tc0102the_user_open_the_orangehrm_home_page] [com.cts.stepdefinition.SDAdminjobcatPage.tc0102the_user_open_the_orangehrm_home_page(SDAdminjobcatPage.java:39)] - website opens
2020-04-08 16:11:43.977 INFO [main] [com.cts.stepdefinition.SDAdminjobcatPage] [tc0102the_user_login_using_and] [com.cts.stepdefinition.SDAdminjobcatPage.tc0102the_user_login_using_and(SDAdminjobcatPage.java:48)] - login successfully
2020-04-08 16:11:58.534 WARN [main] [com.cts.stepdefinition.SDAdminjobcatPage] [tc0102click_on_professionals_check_box] [com.cts.stepdefinition.SDAdminjobcatPage.tc0102click_on_professionals_check_box(SDAdminjobcatPage.java:73)] - browser is closed
2020-04-08 16:13:29.347 INFO [main] [com.cts.stepdefinition.SDAdminjobcatPage] [tc0102the_user_launch_the_chrome_application] [com.cts.stepdefinition.SDAdminjobcatPage.tc0102the_user_launch_the_chrome_application(SDAdminjobcatPage.java:33)] - browser opens
2020-04-08 16:13:30.932 INFO [main] [com.cts.stepdefinition.SDAdminjobcatPage] [tc0102the_user_open_the_orangehrm_home_page] [com.cts.stepdefinition.SDAdminjobcatPage.tc0102the_user_open_the_orangehrm_home_page(SDAdminjobcatPage.java:39)] - website opens
2020-04-08 16:13:36.802 INFO [main] [com.cts.stepdefinition.SDAdminjobcatPage] [tc0102the_user_login_using_and] [com.cts.stepdefinition.SDAdminjobcatPage.tc0102the_user_login_using_and(SDAdminjobcatPage.java:48)] - login successfully
2020-04-08 16:13:52.135 WARN [main] [com.cts.stepdefinition.SDAdminjobcatPage] [tc0102click_on_professionals_check_box] [com.cts.stepdefinition.SDAdminjobcatPage.tc0102click_on_professionals_check_box(SDAdminjobcatPage.java:73)] - browser is closed
2020-04-08 16:15:28.564 INFO [main] [com.cts.stepdefinition.SDAdminjobcatPage] [tc0102the_user_launch_the_chrome_application] [com.cts.stepdefinition.SDAdminjobcatPage.tc0102the_user_launch_the_chrome_application(SDAdminjobcatPage.java:33)] - browser opens
2020-04-08 16:15:29.810 INFO [main] [com.cts.stepdefinition.SDAdminjobcatPage] [tc0102the_user_open_the_orangehrm_home_page] [com.cts.stepdefinition.SDAdminjobcatPage.tc0102the_user_open_the_orangehrm_home_page(SDAdminjobcatPage.java:39)] - website opens
2020-04-08 16:15:36.085 INFO [main] [com.cts.stepdefinition.SDAdminjobcatPage] [tc0102the_user_login_using_and] [com.cts.stepdefinition.SDAdminjobcatPage.tc0102the_user_login_using_and(SDAdminjobcatPage.java:48)] - login successfully
2020-04-08 16:15:51.912 WARN [main] [com.cts.stepdefinition.SDAdminjobcatPage] [tc0102click_on_professionals_check_box] [com.cts.stepdefinition.SDAdminjobcatPage.tc0102click_on_professionals_check_box(SDAdminjobcatPage.java:73)] - browser is closed
2020-04-08 16:21:34.611 INFO [main] [com.cts.tests.TestAdminJobCategories] [initDriver] [com.cts.tests.TestAdminJobCategories.initDriver(TestAdminJobCategories.java:32)] - browser opens
2020-04-08 16:21:52.181 INFO [main] [com.cts.tests.TestDashboard] [initDriver] [com.cts.tests.TestDashboard.initDriver(TestDashboard.java:32)] - browser opens
2020-04-08 16:22:26.227 INFO [main] [com.cts.tests.TestLeavesPage] [initDriver] [com.cts.tests.TestLeavesPage.initDriver(TestLeavesPage.java:31)] - browser openes
2020-04-08 16:23:11.520 INFO [main] [com.cts.tests.TestLoginPage] [initDriver] [com.cts.tests.TestLoginPage.initDriver(TestLoginPage.java:30)] - browser opens
2020-04-08 16:23:46.626 INFO [main] [com.cts.tests.TestLogoutpage] [initDriver] [com.cts.tests.TestLogoutpage.initDriver(TestLogoutpage.java:33)] - browser opens 
2020-04-08 16:24:42.559 INFO [main] [com.cts.tests.TestMaintenancePage] [initDriver] [com.cts.tests.TestMaintenancePage.initDriver(TestMaintenancePage.java:32)] - browser opens
2020-04-08 16:25:09.284 ERROR [main] [com.cts.tests.TestLoginPage] [login] [com.cts.tests.TestLoginPage.login(TestLoginPage.java:50)] - login successfully
2020-04-08 16:25:18.472 ERROR [main] [com.cts.tests.TestLoginPage] [login] [com.cts.tests.TestLoginPage.login(TestLoginPage.java:50)] - login successfully
2020-04-08 16:25:24.398 INFO [main] [com.cts.tests.TestAdminJobCategories] [login] [com.cts.tests.TestAdminJobCategories.login(TestAdminJobCategories.java:52)] - login successfully
2020-04-08 16:25:32.283 INFO [main] [com.cts.tests.TestAdminJobCategories] [login] [com.cts.tests.TestAdminJobCategories.login(TestAdminJobCategories.java:52)] - login successfully
2020-04-08 16:25:40.669 INFO [main] [com.cts.tests.TestAdminJobCategories] [testadmin] [com.cts.tests.TestAdminJobCategories.testadmin(TestAdminJobCategories.java:64)] - admin pae opens
2020-04-08 16:25:41.006 INFO [main] [com.cts.tests.TestAdminJobCategories] [testadmin] [com.cts.tests.TestAdminJobCategories.testadmin(TestAdminJobCategories.java:66)] - professionals check box clicked successfully
2020-04-08 16:25:44.506 ERROR [main] [com.cts.tests.TestLeavesPage] [login] [com.cts.tests.TestLeavesPage.login(TestLeavesPage.java:52)] - login sucessfully
2020-04-08 16:25:51.131 ERROR [main] [com.cts.tests.TestLeavesPage] [login] [com.cts.tests.TestLeavesPage.login(TestLeavesPage.java:52)] - login sucessfully
2020-04-08 16:25:54.903 INFO [main] [com.cts.tests.TestLeavesPage] [testleaves] [com.cts.tests.TestLeavesPage.testleaves(TestLeavesPage.java:59)] - leavepage opens sucessfully
2020-04-08 16:25:59.114 INFO [main] [com.cts.tests.TestLeavesPage] [testleaves] [com.cts.tests.TestLeavesPage.testleaves(TestLeavesPage.java:64)] - saved sucessfully
2020-04-08 16:26:08.171 INFO [main] [com.cts.tests.TestMaintenancePage] [login] [com.cts.tests.TestMaintenancePage.login(TestMaintenancePage.java:53)] - login sucessfully
2020-04-08 16:26:14.933 INFO [main] [com.cts.tests.TestMaintenancePage] [login] [com.cts.tests.TestMaintenancePage.login(TestMaintenancePage.java:53)] - login sucessfully
2020-04-08 16:26:17.965 INFO [main] [com.cts.tests.TestMaintenancePage] [testmaintenance] [com.cts.tests.TestMaintenancePage.testmaintenance(TestMaintenancePage.java:60)] - maintenance page is opened successfully
2020-04-08 16:26:18.239 INFO [main] [com.cts.tests.TestMaintenancePage] [testmaintenance] [com.cts.tests.TestMaintenancePage.testmaintenance(TestMaintenancePage.java:62)] - Password verified
2020-04-08 16:26:19.928 INFO [main] [com.cts.tests.TestMaintenancePage] [testmaintenance] [com.cts.tests.TestMaintenancePage.testmaintenance(TestMaintenancePage.java:64)] - Verify button clicked
2020-04-08 16:26:20.519 INFO [main] [com.cts.tests.TestMaintenancePage] [testmaintenance] [com.cts.tests.TestMaintenancePage.testmaintenance(TestMaintenancePage.java:68)] - Search button clicked
2020-04-08 16:26:29.913 INFO [main] [com.cts.tests.TestDashboard] [login] [com.cts.tests.TestDashboard.login(TestDashboard.java:53)] - login successfully
2020-04-08 16:26:36.441 INFO [main] [com.cts.tests.TestDashboard] [login] [com.cts.tests.TestDashboard.login(TestDashboard.java:53)] - login successfully
2020-04-08 16:26:49.923 INFO [main] [com.cts.tests.TestLogoutpage] [login] [com.cts.tests.TestLogoutpage.login(TestLogoutpage.java:54)] - login sucessfully 
2020-04-08 16:26:55.920 INFO [main] [com.cts.tests.TestLogoutpage] [login] [com.cts.tests.TestLogoutpage.login(TestLogoutpage.java:54)] - login sucessfully 
2020-04-08 16:27:04.127 WARN [main] [com.cts.tests.TestLogoutpage] [testlogout] [com.cts.tests.TestLogoutpage.testlogout(TestLogoutpage.java:73)] - browser is logged out
2020-04-08 16:27:06.011 WARN [main] [com.cts.tests.TestAdminJobCategories] [close] [com.cts.tests.TestAdminJobCategories.close(TestAdminJobCategories.java:73)] - browser closed
2020-04-08 16:27:07.738 ERROR [main] [com.cts.tests.TestDashboard] [close] [com.cts.tests.TestDashboard.close(TestDashboard.java:75)] - browser is closing
2020-04-08 16:27:08.970 ERROR [main] [com.cts.tests.TestLeavesPage] [close] [com.cts.tests.TestLeavesPage.close(TestLeavesPage.java:78)] - browser closed
2020-04-08 16:27:09.631 WARN [main] [com.cts.tests.TestLoginPage] [close] [com.cts.tests.TestLoginPage.close(TestLoginPage.java:57)] - browser is closed
2020-04-08 16:27:10.329 WARN [main] [com.cts.tests.TestLogoutpage] [close] [com.cts.tests.TestLogoutpage.close(TestLogoutpage.java:80)] - browser closed
2020-04-08 16:27:10.984 WARN [main] [com.cts.tests.TestMaintenancePage] [close] [com.cts.tests.TestMaintenancePage.close(TestMaintenancePage.java:82)] - browser closed
2020-04-08 16:31:19.189 INFO [main] [com.cts.tests.TestAdminJobCategories] [initDriver] [com.cts.tests.TestAdminJobCategories.initDriver(TestAdminJobCategories.java:32)] - browser opens
2020-04-08 16:31:34.242 INFO [main] [com.cts.tests.TestDashboard] [initDriver] [com.cts.tests.TestDashboard.initDriver(TestDashboard.java:32)] - browser opens
2020-04-08 16:31:52.282 INFO [main] [com.cts.tests.TestLeavesPage] [initDriver] [com.cts.tests.TestLeavesPage.initDriver(TestLeavesPage.java:31)] - browser openes
2020-04-08 16:32:10.131 INFO [main] [com.cts.tests.TestLoginPage] [initDriver] [com.cts.tests.TestLoginPage.initDriver(TestLoginPage.java:30)] - browser opens
2020-04-08 16:32:35.849 INFO [main] [com.cts.tests.TestLogoutpage] [initDriver] [com.cts.tests.TestLogoutpage.initDriver(TestLogoutpage.java:33)] - browser opens 
2020-04-08 16:33:01.852 INFO [main] [com.cts.tests.TestMaintenancePage] [initDriver] [com.cts.tests.TestMaintenancePage.initDriver(TestMaintenancePage.java:32)] - browser opens
2020-04-08 16:33:39.139 ERROR [main] [com.cts.tests.TestLoginPage] [login] [com.cts.tests.TestLoginPage.login(TestLoginPage.java:50)] - login successfully
2020-04-08 16:33:45.969 ERROR [main] [com.cts.tests.TestLoginPage] [login] [com.cts.tests.TestLoginPage.login(TestLoginPage.java:50)] - login successfully
2020-04-08 16:33:49.202 INFO [main] [com.cts.tests.TestAdminJobCategories] [login] [com.cts.tests.TestAdminJobCategories.login(TestAdminJobCategories.java:52)] - login successfully
2020-04-08 16:33:56.851 INFO [main] [com.cts.tests.TestAdminJobCategories] [login] [com.cts.tests.TestAdminJobCategories.login(TestAdminJobCategories.java:52)] - login successfully
2020-04-08 16:34:05.932 INFO [main] [com.cts.tests.TestAdminJobCategories] [testadmin] [com.cts.tests.TestAdminJobCategories.testadmin(TestAdminJobCategories.java:64)] - admin pae opens
2020-04-08 16:34:07.811 INFO [main] [com.cts.tests.TestAdminJobCategories] [testadmin] [com.cts.tests.TestAdminJobCategories.testadmin(TestAdminJobCategories.java:66)] - professionals check box clicked successfully
2020-04-08 16:34:11.699 ERROR [main] [com.cts.tests.TestLeavesPage] [login] [com.cts.tests.TestLeavesPage.login(TestLeavesPage.java:52)] - login sucessfully
2020-04-08 16:34:15.735 ERROR [main] [com.cts.tests.TestLeavesPage] [login] [com.cts.tests.TestLeavesPage.login(TestLeavesPage.java:52)] - login sucessfully
2020-04-08 16:34:22.559 INFO [main] [com.cts.tests.TestLeavesPage] [testleaves] [com.cts.tests.TestLeavesPage.testleaves(TestLeavesPage.java:59)] - leavepage opens sucessfully
2020-04-08 16:34:29.625 INFO [main] [com.cts.tests.TestLeavesPage] [testleaves] [com.cts.tests.TestLeavesPage.testleaves(TestLeavesPage.java:64)] - saved sucessfully
2020-04-08 16:34:38.394 INFO [main] [com.cts.tests.TestMaintenancePage] [login] [com.cts.tests.TestMaintenancePage.login(TestMaintenancePage.java:53)] - login sucessfully
2020-04-08 16:34:46.464 INFO [main] [com.cts.tests.TestMaintenancePage] [login] [com.cts.tests.TestMaintenancePage.login(TestMaintenancePage.java:53)] - login sucessfully
2020-04-08 16:34:49.830 INFO [main] [com.cts.tests.TestMaintenancePage] [testmaintenance] [com.cts.tests.TestMaintenancePage.testmaintenance(TestMaintenancePage.java:60)] - maintenance page is opened successfully
2020-04-08 16:34:50.314 INFO [main] [com.cts.tests.TestMaintenancePage] [testmaintenance] [com.cts.tests.TestMaintenancePage.testmaintenance(TestMaintenancePage.java:62)] - Password verified
2020-04-08 16:34:52.353 INFO [main] [com.cts.tests.TestMaintenancePage] [testmaintenance] [com.cts.tests.TestMaintenancePage.testmaintenance(TestMaintenancePage.java:64)] - Verify button clicked
2020-04-08 16:34:52.792 INFO [main] [com.cts.tests.TestMaintenancePage] [testmaintenance] [com.cts.tests.TestMaintenancePage.testmaintenance(TestMaintenancePage.java:68)] - Search button clicked
2020-04-08 16:35:02.277 INFO [main] [com.cts.tests.TestDashboard] [login] [com.cts.tests.TestDashboard.login(TestDashboard.java:53)] - login successfully
2020-04-08 16:35:09.742 INFO [main] [com.cts.tests.TestDashboard] [login] [com.cts.tests.TestDashboard.login(TestDashboard.java:53)] - login successfully
2020-04-08 16:35:22.538 INFO [main] [com.cts.tests.TestLogoutpage] [login] [com.cts.tests.TestLogoutpage.login(TestLogoutpage.java:54)] - login sucessfully 
2020-04-08 16:35:27.182 INFO [main] [com.cts.tests.TestLogoutpage] [login] [com.cts.tests.TestLogoutpage.login(TestLogoutpage.java:54)] - login sucessfully 
2020-04-08 16:35:38.486 WARN [main] [com.cts.tests.TestLogoutpage] [testlogout] [com.cts.tests.TestLogoutpage.testlogout(TestLogoutpage.java:73)] - browser is logged out
2020-04-08 16:35:39.881 WARN [main] [com.cts.tests.TestAdminJobCategories] [close] [com.cts.tests.TestAdminJobCategories.close(TestAdminJobCategories.java:73)] - browser closed
2020-04-08 16:35:41.228 ERROR [main] [com.cts.tests.TestDashboard] [close] [com.cts.tests.TestDashboard.close(TestDashboard.java:75)] - browser is closing
2020-04-08 16:35:42.051 ERROR [main] [com.cts.tests.TestLeavesPage] [close] [com.cts.tests.TestLeavesPage.close(TestLeavesPage.java:78)] - browser closed
2020-04-08 16:35:42.871 WARN [main] [com.cts.tests.TestLoginPage] [close] [com.cts.tests.TestLoginPage.close(TestLoginPage.java:57)] - browser is closed
2020-04-08 16:35:44.086 WARN [main] [com.cts.tests.TestLogoutpage] [close] [com.cts.tests.TestLogoutpage.close(TestLogoutpage.java:80)] - browser closed
2020-04-08 16:35:44.680 WARN [main] [com.cts.tests.TestMaintenancePage] [close] [com.cts.tests.TestMaintenancePage.close(TestMaintenancePage.java:82)] - browser closed
2020-04-08 17:02:59.476 INFO [main] [com.cts.stepdefinition.SDLoginPage] [the_user_launch_the_chrome_application] [com.cts.stepdefinition.SDLoginPage.the_user_launch_the_chrome_application(SDLoginPage.java:30)] - browser opens
2020-04-08 17:03:01.054 INFO [main] [com.cts.stepdefinition.SDLoginPage] [the_user_open_the_orangehrm_home_page] [com.cts.stepdefinition.SDLoginPage.the_user_open_the_orangehrm_home_page(SDLoginPage.java:38)] - website opens
2020-04-08 17:03:08.961 INFO [main] [com.cts.stepdefinition.SDLoginPage] [the_user_login_using_username_and_password] [com.cts.stepdefinition.SDLoginPage.the_user_login_using_username_and_password(SDLoginPage.java:52)] - login successfully
2020-04-08 17:03:17.552 ERROR [main] [com.cts.stepdefinition.SDLoginPage] [click_on_the_login_button_user_nagivate_to_the_next_pag] [com.cts.stepdefinition.SDLoginPage.click_on_the_login_button_user_nagivate_to_the_next_pag(SDLoginPage.java:61)] - browser is closed
2020-04-08 17:03:34.994 INFO [main] [com.cts.stepdefinition.SDAdminjobcatPage] [tc0102the_user_launch_the_chrome_application] [com.cts.stepdefinition.SDAdminjobcatPage.tc0102the_user_launch_the_chrome_application(SDAdminjobcatPage.java:33)] - browser opens
2020-04-08 17:03:36.781 INFO [main] [com.cts.stepdefinition.SDAdminjobcatPage] [tc0102the_user_open_the_orangehrm_home_page] [com.cts.stepdefinition.SDAdminjobcatPage.tc0102the_user_open_the_orangehrm_home_page(SDAdminjobcatPage.java:39)] - website opens
2020-04-08 17:03:37.517 INFO [main] [com.cts.stepdefinition.SDAdminjobcatPage] [tc0102the_user_login_using_and] [com.cts.stepdefinition.SDAdminjobcatPage.tc0102the_user_login_using_and(SDAdminjobcatPage.java:48)] - login successfully
2020-04-08 17:03:51.143 WARN [main] [com.cts.stepdefinition.SDAdminjobcatPage] [tc0102click_on_professionals_check_box] [com.cts.stepdefinition.SDAdminjobcatPage.tc0102click_on_professionals_check_box(SDAdminjobcatPage.java:73)] - browser is closed
2020-04-08 17:04:06.901 INFO [main] [com.cts.stepdefinition.SDLeavesPage] [tc0103the_user_launch_the_chrome_application] [com.cts.stepdefinition.SDLeavesPage.tc0103the_user_launch_the_chrome_application(SDLeavesPage.java:32)] - browser opens
2020-04-08 17:04:08.347 INFO [main] [com.cts.stepdefinition.SDLeavesPage] [tc0103the_user_open_the_orangehrm_home_page] [com.cts.stepdefinition.SDLeavesPage.tc0103the_user_open_the_orangehrm_home_page(SDLeavesPage.java:38)] - website opens
2020-04-08 17:04:09.025 INFO [main] [com.cts.stepdefinition.SDLeavesPage] [tc0103the_user_login_using_and] [com.cts.stepdefinition.SDLeavesPage.tc0103the_user_login_using_and(SDLeavesPage.java:47)] - login successfully
2020-04-08 17:04:17.772 INFO [main] [com.cts.stepdefinition.SDLeavesPage] [tc0103using_actions_move_to_leave_types_from_leaves_then_move_to_next_page] [com.cts.stepdefinition.SDLeavesPage.tc0103using_actions_move_to_leave_types_from_leaves_then_move_to_next_page(SDLeavesPage.java:59)] - leavepage opens sucessfully
2020-04-08 17:04:20.685 INFO [main] [com.cts.stepdefinition.SDLeavesPage] [tc0103click_on_save_the_user_moves_to_next_page] [com.cts.stepdefinition.SDLeavesPage.tc0103click_on_save_the_user_moves_to_next_page(SDLeavesPage.java:75)] - saved sucessfully
2020-04-08 17:04:21.178 WARN [main] [com.cts.stepdefinition.SDLeavesPage] [tc0103click_on_save_the_user_moves_to_next_page] [com.cts.stepdefinition.SDLeavesPage.tc0103click_on_save_the_user_moves_to_next_page(SDLeavesPage.java:78)] - browser closed
2020-04-08 17:04:37.727 ERROR [main] [com.cts.stepdefinition.SDDashBoardPage] [tc0104the_user_launch_the_chrome_application] [com.cts.stepdefinition.SDDashBoardPage.tc0104the_user_launch_the_chrome_application(SDDashBoardPage.java:32)] - browser opens
2020-04-08 17:04:38.801 ERROR [main] [com.cts.stepdefinition.SDDashBoardPage] [tc0104the_user_open_the_orangehrm_home_page] [com.cts.stepdefinition.SDDashBoardPage.tc0104the_user_open_the_orangehrm_home_page(SDDashBoardPage.java:38)] - website opens
2020-04-08 17:04:39.429 INFO [main] [com.cts.stepdefinition.SDDashBoardPage] [tc0104the_user_login_using_and] [com.cts.stepdefinition.SDDashBoardPage.tc0104the_user_login_using_and(SDDashBoardPage.java:48)] - login successfully
2020-04-08 17:04:49.431 WARN [main] [com.cts.stepdefinition.SDDashBoardPage] [tc0104click_on_view_the_user_moves_to_next_page] [com.cts.stepdefinition.SDDashBoardPage.tc0104click_on_view_the_user_moves_to_next_page(SDDashBoardPage.java:76)] - driver is closing
2020-04-08 17:05:04.872 INFO [main] [com.cts.stepdefinition.SDMaintenancePage] [tc0105the_user_launch_the_chrome_application] [com.cts.stepdefinition.SDMaintenancePage.tc0105the_user_launch_the_chrome_application(SDMaintenancePage.java:31)] - browser opens
2020-04-08 17:05:06.032 INFO [main] [com.cts.stepdefinition.SDMaintenancePage] [tc0105the_user_open_the_orangehrm_home_page] [com.cts.stepdefinition.SDMaintenancePage.tc0105the_user_open_the_orangehrm_home_page(SDMaintenancePage.java:37)] - website opens
2020-04-08 17:05:06.704 INFO [main] [com.cts.stepdefinition.SDMaintenancePage] [tc0105the_user_login_using_and] [com.cts.stepdefinition.SDMaintenancePage.tc0105the_user_login_using_and(SDMaintenancePage.java:46)] - login successfully
2020-04-08 17:05:16.454 INFO [main] [com.cts.stepdefinition.SDMaintenancePage] [tc0105using_actions_move_to_candidate_records_from_maintenance_then_move_to_next_page] [com.cts.stepdefinition.SDMaintenancePage.tc0105using_actions_move_to_candidate_records_from_maintenance_then_move_to_next_page(SDMaintenancePage.java:58)] - maintenance page is opened successfully
2020-04-08 17:05:19.704 WARN [main] [com.cts.stepdefinition.SDMaintenancePage] [tc0105click_on_search_button] [com.cts.stepdefinition.SDMaintenancePage.tc0105click_on_search_button(SDMaintenancePage.java:81)] - browser closed
2020-04-08 17:05:36.490 INFO [main] [com.cts.stepdefinition.SDLogoutPage] [tc0106the_user_launch_the_chrome_application] [com.cts.stepdefinition.SDLogoutPage.tc0106the_user_launch_the_chrome_application(SDLogoutPage.java:34)] - browser opens
2020-04-08 17:05:37.493 INFO [main] [com.cts.stepdefinition.SDLogoutPage] [tc0106the_user_open_the_orangehrm_home_page] [com.cts.stepdefinition.SDLogoutPage.tc0106the_user_open_the_orangehrm_home_page(SDLogoutPage.java:40)] - website opens
2020-04-08 17:05:38.186 INFO [main] [com.cts.stepdefinition.SDLogoutPage] [tc0106the_user_login_using_and] [com.cts.stepdefinition.SDLogoutPage.tc0106the_user_login_using_and(SDLogoutPage.java:50)] - login successfully
2020-04-08 17:05:52.810 WARN [main] [com.cts.stepdefinition.SDLogoutPage] [tc0106click_on_logout_the_user_moves_to_home_page] [com.cts.stepdefinition.SDLogoutPage.tc0106click_on_logout_the_user_moves_to_home_page(SDLogoutPage.java:81)] - browser is logged out
2020-04-08 17:05:53.372 WARN [main] [com.cts.stepdefinition.SDLogoutPage] [tc0106click_on_logout_the_user_moves_to_home_page] [com.cts.stepdefinition.SDLogoutPage.tc0106click_on_logout_the_user_moves_to_home_page(SDLogoutPage.java:84)] - browser closed
2020-04-10 17:08:30.699 INFO [main] [com.cts.stepdefinition.SDLoginPage] [the_user_launch_the_chrome_application] [com.cts.stepdefinition.SDLoginPage.the_user_launch_the_chrome_application(SDLoginPage.java:30)] - browser opens
2020-04-10 17:08:31.499 INFO [main] [com.cts.stepdefinition.SDLoginPage] [the_user_open_the_orangehrm_home_page] [com.cts.stepdefinition.SDLoginPage.the_user_open_the_orangehrm_home_page(SDLoginPage.java:38)] - website opens
2020-04-10 17:09:00.013 INFO [main] [com.cts.stepdefinition.SDLoginPage] [the_user_login_using_username_and_password] [com.cts.stepdefinition.SDLoginPage.the_user_login_using_username_and_password(SDLoginPage.java:52)] - login successfully
2020-04-10 17:09:11.328 ERROR [main] [com.cts.stepdefinition.SDLoginPage] [click_on_the_login_button_user_nagivate_to_the_next_pag] [com.cts.stepdefinition.SDLoginPage.click_on_the_login_button_user_nagivate_to_the_next_pag(SDLoginPage.java:61)] - browser is closed
2020-04-10 17:22:02.115 INFO [main] [com.cts.stepdefinition.SDLoginPage] [the_user_launch_the_chrome_application] [com.cts.stepdefinition.SDLoginPage.the_user_launch_the_chrome_application(SDLoginPage.java:30)] - browser opens
2020-04-10 17:22:03.218 INFO [main] [com.cts.stepdefinition.SDLoginPage] [the_user_open_the_orangehrm_home_page] [com.cts.stepdefinition.SDLoginPage.the_user_open_the_orangehrm_home_page(SDLoginPage.java:38)] - website opens
2020-04-10 17:22:07.066 INFO [main] [com.cts.stepdefinition.SDLoginPage] [the_user_login_using_username_and_password] [com.cts.stepdefinition.SDLoginPage.the_user_login_using_username_and_password(SDLoginPage.java:52)] - login successfully
2020-04-10 17:22:11.709 ERROR [main] [com.cts.stepdefinition.SDLoginPage] [click_on_the_login_button_user_nagivate_to_the_next_pag] [com.cts.stepdefinition.SDLoginPage.click_on_the_login_button_user_nagivate_to_the_next_pag(SDLoginPage.java:61)] - browser is closed
2020-04-10 17:27:16.613 INFO [main] [com.cts.stepdefinition.SDLoginPage] [the_user_launch_the_chrome_application] [com.cts.stepdefinition.SDLoginPage.the_user_launch_the_chrome_application(SDLoginPage.java:30)] - browser opens
2020-04-10 17:27:17.464 INFO [main] [com.cts.stepdefinition.SDLoginPage] [the_user_open_the_orangehrm_home_page] [com.cts.stepdefinition.SDLoginPage.the_user_open_the_orangehrm_home_page(SDLoginPage.java:38)] - website opens
2020-04-10 17:27:18.714 INFO [main] [com.cts.stepdefinition.SDLoginPage] [the_user_login_using_username_and_password] [com.cts.stepdefinition.SDLoginPage.the_user_login_using_username_and_password(SDLoginPage.java:52)] - login successfully
2020-04-10 17:27:23.469 ERROR [main] [com.cts.stepdefinition.SDLoginPage] [click_on_the_login_button_user_nagivate_to_the_next_pag] [com.cts.stepdefinition.SDLoginPage.click_on_the_login_button_user_nagivate_to_the_next_pag(SDLoginPage.java:61)] - browser is closed
2020-04-10 17:29:39.048 INFO [main] [com.cts.stepdefinition.SDLoginPage] [the_user_launch_the_chrome_application] [com.cts.stepdefinition.SDLoginPage.the_user_launch_the_chrome_application(SDLoginPage.java:30)] - browser opens
2020-04-10 17:29:39.904 INFO [main] [com.cts.stepdefinition.SDLoginPage] [the_user_open_the_orangehrm_home_page] [com.cts.stepdefinition.SDLoginPage.the_user_open_the_orangehrm_home_page(SDLoginPage.java:38)] - website opens
2020-04-10 17:29:41.361 INFO [main] [com.cts.stepdefinition.SDLoginPage] [the_user_login_using_username_and_password] [com.cts.stepdefinition.SDLoginPage.the_user_login_using_username_and_password(SDLoginPage.java:52)] - login successfully
2020-04-10 17:29:51.614 ERROR [main] [com.cts.stepdefinition.SDLoginPage] [click_on_the_login_button_user_nagivate_to_the_next_pag] [com.cts.stepdefinition.SDLoginPage.click_on_the_login_button_user_nagivate_to_the_next_pag(SDLoginPage.java:61)] - browser is closed
2020-04-10 17:31:28.740 INFO [main] [com.cts.stepdefinition.SDLoginPage] [the_user_launch_the_chrome_application] [com.cts.stepdefinition.SDLoginPage.the_user_launch_the_chrome_application(SDLoginPage.java:30)] - browser opens
2020-04-10 17:31:29.446 INFO [main] [com.cts.stepdefinition.SDLoginPage] [the_user_open_the_orangehrm_home_page] [com.cts.stepdefinition.SDLoginPage.the_user_open_the_orangehrm_home_page(SDLoginPage.java:38)] - website opens
2020-04-10 17:31:30.524 INFO [main] [com.cts.stepdefinition.SDLoginPage] [the_user_login_using_username_and_password] [com.cts.stepdefinition.SDLoginPage.the_user_login_using_username_and_password(SDLoginPage.java:52)] - login successfully
2020-04-10 17:31:53.631 ERROR [main] [com.cts.stepdefinition.SDLoginPage] [click_on_the_login_button_user_nagivate_to_the_next_pag] [com.cts.stepdefinition.SDLoginPage.click_on_the_login_button_user_nagivate_to_the_next_pag(SDLoginPage.java:61)] - browser is closed
2020-04-10 17:35:15.807 INFO [main] [com.cts.stepdefinition.SDLoginPage] [the_user_launch_the_chrome_application] [com.cts.stepdefinition.SDLoginPage.the_user_launch_the_chrome_application(SDLoginPage.java:30)] - browser opens
2020-04-10 17:35:16.753 INFO [main] [com.cts.stepdefinition.SDLoginPage] [the_user_open_the_orangehrm_home_page] [com.cts.stepdefinition.SDLoginPage.the_user_open_the_orangehrm_home_page(SDLoginPage.java:38)] - website opens
2020-04-10 17:35:17.760 INFO [main] [com.cts.stepdefinition.SDLoginPage] [the_user_login_using_username_and_password] [com.cts.stepdefinition.SDLoginPage.the_user_login_using_username_and_password(SDLoginPage.java:52)] - login successfully
2020-04-10 17:35:22.301 ERROR [main] [com.cts.stepdefinition.SDLoginPage] [click_on_the_login_button_user_nagivate_to_the_next_pag] [com.cts.stepdefinition.SDLoginPage.click_on_the_login_button_user_nagivate_to_the_next_pag(SDLoginPage.java:61)] - browser is closed
